[0.009s] Invoking command in '/home/alex/Documents/ros_ws/src/build/cpp_srvcli': CMAKE_PREFIX_PATH=/opt/ros/humble /usr/bin/cmake /home/alex/Documents/ros_ws/src/cpp_srvcli -DCMAKE_INSTALL_PREFIX=/home/alex/Documents/ros_ws/src/install/cpp_srvcli
[0.078s] -- The C compiler identification is GNU 11.4.0
[0.226s] -- The CXX compiler identification is GNU 11.4.0
[0.236s] -- Detecting C compiler ABI info
[0.309s] -- Detecting C compiler ABI info - done
[0.318s] -- Check for working C compiler: /usr/bin/cc - skipped
[0.318s] -- Detecting C compile features
[0.319s] -- Detecting C compile features - done
[0.327s] -- Detecting CXX compiler ABI info
[0.585s] -- Detecting CXX compiler ABI info - done
[0.608s] -- Check for working CXX compiler: /usr/bin/c++ - skipped
[0.609s] -- Detecting CXX compile features
[0.609s] -- Detecting CXX compile features - done
[0.611s] -- Found ament_cmake: 1.3.5 (/opt/ros/humble/share/ament_cmake/cmake)
[0.811s] -- Found Python3: /usr/bin/python3.10 (found version "3.10.12") found components: Interpreter 
[0.881s] -- Found rclcpp: 16.0.5 (/opt/ros/humble/share/rclcpp/cmake)
[0.915s] -- Found rosidl_generator_c: 3.1.5 (/opt/ros/humble/share/rosidl_generator_c/cmake)
[0.919s] -- Found rosidl_adapter: 3.1.5 (/opt/ros/humble/share/rosidl_adapter/cmake)
[0.924s] -- Found rosidl_generator_cpp: 3.1.5 (/opt/ros/humble/share/rosidl_generator_cpp/cmake)
[0.935s] -- Using all available rosidl_typesupport_c: rosidl_typesupport_fastrtps_c;rosidl_typesupport_introspection_c
[0.948s] -- Using all available rosidl_typesupport_cpp: rosidl_typesupport_fastrtps_cpp;rosidl_typesupport_introspection_cpp
[1.017s] -- Found rmw_implementation_cmake: 6.1.1 (/opt/ros/humble/share/rmw_implementation_cmake/cmake)
[1.017s] -- Found rmw_fastrtps_cpp: 6.2.3 (/opt/ros/humble/share/rmw_fastrtps_cpp/cmake)
[1.095s] -- Found OpenSSL: /usr/lib/x86_64-linux-gnu/libcrypto.so (found version "3.0.2")  
[1.111s] -- Found FastRTPS: /opt/ros/humble/include  
[1.144s] -- Using RMW implementation 'rmw_fastrtps_cpp' as default
[1.149s] -- Looking for pthread.h
[1.223s] -- Looking for pthread.h - found
[1.224s] -- Performing Test CMAKE_HAVE_LIBC_PTHREAD
[1.357s] -- Performing Test CMAKE_HAVE_LIBC_PTHREAD - Success
[1.360s] -- Found Threads: TRUE  
[1.558s] -- Found example_interfaces: 0.9.3 (/opt/ros/humble/share/example_interfaces/cmake)
[1.653s] -- Found ament_lint_auto: 0.12.7 (/opt/ros/humble/share/ament_lint_auto/cmake)
[1.702s] -- Added test 'cppcheck' to perform static code analysis on C / C++ code
[1.703s] -- Configured cppcheck include dirs: 
[1.703s] -- Configured cppcheck exclude dirs and/or files: 
[1.703s] -- Added test 'lint_cmake' to check CMake code style
[1.703s] -- Added test 'uncrustify' to check C / C++ code style
[1.704s] -- Configured uncrustify additional arguments: 
[1.704s] -- Added test 'xmllint' to check XML markup files
[1.705s] -- Configuring done
[1.713s] -- Generating done
[1.715s] -- Build files have been written to: /home/alex/Documents/ros_ws/src/build/cpp_srvcli
[1.721s] Invoked command in '/home/alex/Documents/ros_ws/src/build/cpp_srvcli' returned '0': CMAKE_PREFIX_PATH=/opt/ros/humble /usr/bin/cmake /home/alex/Documents/ros_ws/src/cpp_srvcli -DCMAKE_INSTALL_PREFIX=/home/alex/Documents/ros_ws/src/install/cpp_srvcli
[1.723s] Invoking command in '/home/alex/Documents/ros_ws/src/build/cpp_srvcli': CMAKE_PREFIX_PATH=/opt/ros/humble /usr/bin/cmake --build /home/alex/Documents/ros_ws/src/build/cpp_srvcli -- -j2 -l2
[1.777s] [ 50%] [32mBuilding CXX object CMakeFiles/client.dir/src/add_two_ints_client.cpp.o[0m
[1.777s] [ 50%] [32mBuilding CXX object CMakeFiles/server.dir/src/add_two_ints_server.cpp.o[0m
[3.627s] [01m[K/home/alex/Documents/ros_ws/src/cpp_srvcli/src/add_two_ints_server.cpp:[m[K In function â€˜[01m[Kvoid add(std::shared_ptr<example_interfaces::srv::AddTwoInts_Request_<std::allocator<void> > >, std::shared_ptr<example_interfaces::srv::AddTwoInts_Response_<std::allocator<void> > >)[m[Kâ€™:
[3.627s] [01m[K/home/alex/Documents/ros_ws/src/cpp_srvcli/src/add_two_ints_server.cpp:13:9:[m[K [01;31m[Kerror: [m[Kâ€˜[01m[KRCPCPP_INFO[m[Kâ€™ was not declared in this scope; did you mean â€˜[01m[KRCLCPP_INFO[m[Kâ€™?
[3.627s]    13 |         [01;31m[KRCPCPP_INFO[m[K(rclcpp::get_logger("rclcpp"), "sending back response: [%ld]", (long int)response->sum);
[3.627s]       |         [01;31m[K^~~~~~~~~~~[m[K
[3.627s]       |         [32m[KRCLCPP_INFO[m[K
[3.629s] [01m[K/home/alex/Documents/ros_ws/src/cpp_srvcli/src/add_two_ints_server.cpp:[m[K In function â€˜[01m[Kint main(int, char**)[m[Kâ€™:
[3.629s] [01m[K/home/alex/Documents/ros_ws/src/cpp_srvcli/src/add_two_ints_server.cpp:18:22:[m[K [01;31m[Kerror: [m[Kâ€˜[01m[Kargc[m[Kâ€™ was not declared in this scope; did you mean â€˜[01m[Karc[m[Kâ€™?
[3.629s]    18 |         rclcpp::init([01;31m[Kargc[m[K, argv);
[3.629s]       |                      [01;31m[K^~~~[m[K
[3.629s]       |                      [32m[Karc[m[K
[3.646s] [01m[K/home/alex/Documents/ros_ws/src/cpp_srvcli/src/add_two_ints_server.cpp:16:14:[m[K [01;35m[Kwarning: [m[Kunused parameter â€˜[01m[Karc[m[Kâ€™ [[01;35m[K]8;;https://gcc.gnu.org/onlinedocs/gcc/Warning-Options.html#index-Wunused-parameter-Wunused-parameter]8;;[m[K]
[3.646s]    16 | int main([01;35m[Kint arc[m[K, char **argv)
[3.646s]       |          [01;35m[K~~~~^~~[m[K
[3.800s] [01m[K/home/alex/Documents/ros_ws/src/cpp_srvcli/src/add_two_ints_client.cpp:[m[K In function â€˜[01m[Kint main(int, char**)[m[Kâ€™:
[3.800s] [01m[K/home/alex/Documents/ros_ws/src/cpp_srvcli/src/add_two_ints_client.cpp:38:25:[m[K [01;31m[Kerror: [m[Kâ€˜[01m[KRCLCPP[m[Kâ€™ has not been declared
[3.800s]    38 |                         [01;31m[KRCLCPP[m[K::FutureReturnCode::SUCCESS)
[3.800s]       |                         [01;31m[K^~~~~~[m[K
[4.070s] gmake[2]: *** [CMakeFiles/server.dir/build.make:76: CMakeFiles/server.dir/src/add_two_ints_server.cpp.o] Error 1
[4.071s] gmake[1]: *** [CMakeFiles/Makefile2:139: CMakeFiles/server.dir/all] Error 2
[4.071s] gmake[1]: *** Waiting for unfinished jobs....
[4.355s] gmake[2]: *** [CMakeFiles/client.dir/build.make:76: CMakeFiles/client.dir/src/add_two_ints_client.cpp.o] Error 1
[4.355s] gmake[1]: *** [CMakeFiles/Makefile2:165: CMakeFiles/client.dir/all] Error 2
[4.355s] gmake: *** [Makefile:146: all] Error 2
[4.357s] Invoked command in '/home/alex/Documents/ros_ws/src/build/cpp_srvcli' returned '2': CMAKE_PREFIX_PATH=/opt/ros/humble /usr/bin/cmake --build /home/alex/Documents/ros_ws/src/build/cpp_srvcli -- -j2 -l2
